<?xml version="1.0" encoding="UTF-8"?>
<!-- Generated by org.testng.reporters.JUnitReportReporter -->
<testsuite skipped="0" hostname="DESKTOP-JP50A0E" name="com.Test.LoginTest" tests="2" failures="0" timestamp="27 Feb 2021 10:15:01 GMT" time="13.561" errors="0">
  <testcase name="validLoginTest" time="5.373" classname="com.Test.LoginTest"/>
  <testcase name="test02" time="8.188" classname="com.Test.LoginTest"/>
</testsuite> <!-- com.Test.LoginTest -->
