<?xml version="1.0" encoding="UTF-8"?>
<!-- Generated by org.testng.reporters.JUnitReportReporter -->
<testsuite skipped="0" hostname="DESKTOP-JP50A0E" name="com.Test.LoginTest" tests="2" failures="0" timestamp="28 Feb 2021 05:20:42 GMT" time="20.842" errors="0">
  <testcase name="validLoginTest" time="9.017" classname="com.Test.LoginTest"/>
  <testcase name="test02" time="11.825" classname="com.Test.LoginTest"/>
</testsuite> <!-- com.Test.LoginTest -->
